2026-03-16 16:51:29, MOVE, v:1, k:fup@resto, mode:DOWN
2026-03-16 16:51:31, MOVE, v:1, k:fup@resto, mode:PICK
2026-03-16 16:51:40, EXEC, v:1, k:fup@resto, mode:FULL, rate:0, size:5
2026-03-16 16:53:12, EXEC, v:1, k:fup@resto, mode:FULL, rate:0, size:11
2026-03-16 16:53:56, EXEC, v:1, k:fup@resto, mode:FULL, rate:100, size:13
2026-03-16 16:56:32, EXEC, v:1, k:fup@resto, mode:FREE
2026-03-16 17:28:45, MOVE, v:1, k:fup@media, mode:DOWN
2026-03-16 17:29:53, SELF, v:1, k:fup@media, self:1, study:4, friend:nao, guided:1
2026-03-16 17:30:15, SELF, v:1, k:fup@resto, self:1, study:4, friend:nao
2026-03-16 17:30:26, SELF, v:1, k:fup@resto, self:1, study:4, friend:nao, guided:1
2026-03-16 17:30:30, MOVE, v:1, k:fup@media, mode:PICK
2026-03-16 17:30:31, EXEC, v:1, k:fup@media, mode:FULL, rate:0, size:5
2026-03-16 17:30:31, EXEC, v:1, k:fup@media, mode:FULL, rate:0, size:5
2026-03-16 17:31:42, EXEC, v:1, k:fup@media, mode:FULL, rate:0, size:11
2026-03-16 17:32:21, EXEC, v:1, k:fup@media, mode:FULL, size:11, fail:COMP
2026-03-16 17:33:16, EXEC, v:1, k:fup@media, mode:FULL, size:11, fail:COMP
2026-03-16 17:33:22, EXEC, v:1, k:fup@media, mode:FULL, rate:60, size:11
2026-03-16 17:41:16, EXEC, v:1, k:fup@media, mode:FULL, rate:0, size:10
2026-03-16 17:41:28, EXEC, v:1, k:fup@media, mode:FULL, rate:0, size:10
2026-03-16 17:41:42, EXEC, v:1, k:fup@media, mode:FULL, rate:0, size:10
2026-03-16 17:42:15, EXEC, v:1, k:fup@media, mode:FULL, rate:0, size:10
2026-03-16 17:44:05, EXEC, v:1, k:fup@media, mode:FULL, rate:60, size:12
2026-03-16 17:44:58, EXEC, v:1, k:fup@media, mode:FULL, rate:0, size:12
2026-03-16 17:45:08, EXEC, v:1, k:fup@media, mode:FULL, rate:0, size:12
2026-03-16 17:45:25, EXEC, v:1, k:fup@media, mode:FULL, rate:100, size:12
2026-03-16 17:45:54, SELF, v:1, k:fup@media, self:1, study:15, friend:nao, guided:1
2026-03-16 17:49:37, MOVE, v:1, k:fup@sobrou, mode:DOWN
2026-03-16 17:51:52, MOVE, v:1, k:fup@sobrou, mode:PICK
2026-03-16 17:51:53, EXEC, v:1, k:fup@sobrou, mode:FULL, rate:0, size:5
2026-03-16 18:08:06, EXEC, v:1, k:fup@sobrou, mode:FULL, size:11, fail:COMP
2026-03-16 18:10:02, EXEC, v:1, k:fup@sobrou, mode:FULL, rate:0, size:11
2026-03-16 18:12:59, EXEC, v:1, k:fup@sobrou, mode:FULL, rate:0, size:17
2026-03-16 18:14:37, EXEC, v:1, k:fup@sobrou, mode:FULL, size:11, fail:COMP
