2026-03-10 16:53:31, MOVE, v:1, k:fup@tres, mode:DOWN
2026-03-10 16:53:44, MOVE, v:1, k:fup@tres, mode:PICK
2026-03-10 16:53:52, EXEC, v:1, k:fup@tres, mode:FULL, rate:0, size:5
2026-03-10 16:54:58, EXEC, v:1, k:fup@tres, mode:FULL, rate:0
2026-03-10 16:55:00, EXEC, v:1, k:fup@tres, mode:FULL, rate:0
2026-03-10 16:55:01, EXEC, v:1, k:fup@tres, mode:FULL, rate:0
2026-03-10 16:55:01, EXEC, v:1, k:fup@tres, mode:FULL, rate:0
2026-03-10 16:56:38, MOVE, v:1, k:fup@tres, mode:PICK
2026-03-10 16:56:39, EXEC, v:1, k:fup@tres, mode:FULL, rate:0
2026-03-10 17:03:47, MOVE, v:1, k:sandbox@user_001, mode:PICK
2026-03-10 17:03:48, EXEC, v:1, k:sandbox@user_001, mode:LOCK, rate:0, size:5
2026-03-10 17:14:54, EXEC, v:1, k:sandbox@user_001, mode:LOCK, rate:0, size:5
2026-03-10 17:19:25, EXEC, v:1, k:sandbox@user_001, mode:FULL, rate:0, size:6
2026-03-10 17:27:53, EXEC, v:1, k:sandbox@user_001, mode:LOCK, rate:0, size:7
2026-03-10 17:28:02, EXEC, v:1, k:sandbox@user_001, mode:FULL, rate:0
2026-03-10 17:51:55, EXEC, v:1, k:sandbox@user_001, mode:FULL, rate:0, size:9
2026-03-10 17:52:10, EXEC, v:1, k:sandbox@user_001, mode:FREE
2026-03-10 17:59:29, MOVE, v:1, k:sandbox@user_001, mode:PICK
2026-03-10 17:59:30, EXEC, v:1, k:sandbox@user_001, mode:FULL, rate:100, size:11
2026-03-10 17:59:52, EXEC, v:1, k:sandbox@user_001, mode:FULL, rate:100
2026-03-10 17:59:56, EXEC, v:1, k:sandbox@user_001, mode:FREE
2026-03-10 18:03:20, MOVE, v:1, k:sandbox@user_001, mode:PICK
2026-03-10 18:03:23, EXEC, v:1, k:sandbox@user_001, mode:FULL, rate:100
2026-03-10 18:03:25, EXEC, v:1, k:sandbox@user_001, mode:FULL, rate:100
2026-03-10 18:03:27, EXEC, v:1, k:sandbox@user_001, mode:FULL, rate:100
2026-03-10 18:03:27, EXEC, v:1, k:sandbox@user_001, mode:FULL, rate:100
2026-03-10 18:03:28, EXEC, v:1, k:sandbox@user_001, mode:FULL, rate:100
2026-03-10 18:03:29, EXEC, v:1, k:sandbox@user_001, mode:FULL, rate:100
2026-03-10 18:03:30, EXEC, v:1, k:sandbox@user_001, mode:FULL, rate:100
2026-03-10 18:03:31, EXEC, v:1, k:sandbox@user_001, mode:FULL, rate:100
2026-03-10 18:04:41, MOVE, v:1, k:fup@tres, mode:PICK
2026-03-10 18:04:42, EXEC, v:1, k:fup@tres, mode:FULL, rate:0
2026-03-10 18:05:07, MOVE, v:1, k:fup@tres, mode:BACK
2026-03-10 18:09:17, MOVE, v:1, k:fup@tres, mode:PICK
2026-03-10 18:09:18, EXEC, v:1, k:fup@tres, mode:FULL, rate:0
2026-03-10 18:09:44, MOVE, v:1, k:fup@tres, mode:BACK
2026-03-10 18:09:59, MOVE, v:1, k:fup@tres, mode:PICK
2026-03-10 18:10:01, EXEC, v:1, k:fup@tres, mode:FULL, rate:0
2026-03-10 18:10:06, EXEC, v:1, k:fup@tres, mode:FULL, rate:0
2026-03-10 18:10:13, EXEC, v:1, k:fup@tres, mode:FULL, rate:0
2026-03-10 18:10:14, MOVE, v:1, k:fup@tres, mode:BACK
2026-03-10 18:10:18, MOVE, v:1, k:fup@tres, mode:PICK
2026-03-10 18:10:52, MOVE, v:1, k:fup@tres, mode:BACK
2026-03-10 18:11:02, MOVE, v:1, k:fup@bala, mode:DOWN
2026-03-10 18:11:04, MOVE, v:1, k:fup@bala, mode:PICK
2026-03-10 18:15:53, EXEC, v:1, k:fup@bala, mode:FULL, rate:0, size:5
2026-03-10 18:15:54, EXEC, v:1, k:fup@bala, mode:FULL, rate:0
2026-03-10 18:16:00, MOVE, v:1, k:fup@bala, mode:BACK
2026-03-10 18:16:05, MOVE, v:1, k:fup@tres, mode:PICK
2026-03-10 18:16:06, EXEC, v:1, k:fup@tres, mode:FULL, rate:100, size:12
2026-03-10 18:17:03, EXEC, v:1, k:fup@tres, mode:FULL, rate:100, size:10
2026-03-10 18:17:12, MOVE, v:1, k:fup@tres, mode:BACK
2026-03-10 18:27:28, SELF, v:1, k:fup@tres, self:1, rate:100, study:3, friend:Fiz sozinho, guided:1
