2026-04-07 16:38:05, MOVE, v:1, k:fup@abs, mode:PICK
2026-04-07 16:38:07, EXEC, v:1, k:fup@abs, mode:FULL, rate:0
2026-04-07 16:38:07, MOVE, v:1, k:fup@abs, mode:EDIT
2026-04-07 16:47:01, MOVE, v:1, k:fup@abs, mode:EDIT
2026-04-07 16:48:34, EXEC, v:1, k:fup@abs, mode:FULL, rate:0, size:9
2026-04-07 16:48:49, EXEC, v:1, k:fup@abs, mode:FULL, rate:0, size:9
2026-04-07 16:51:38, MOVE, v:1, k:fup@abs, mode:EDIT
2026-04-07 16:48:49, MOVE, v:1, k:fup@abs, mode:EDIT
2026-04-07 16:56:47, MOVE, v:1, k:fup@abs, mode:EDIT
2026-04-07 17:21:34, MOVE, v:1, k:fup@abs, mode:EDIT
2026-04-07 17:25:09, MOVE, v:1, k:fup@abs, mode:BACK
2026-04-07 17:25:51, MOVE, v:1, k:fup@loop_i, mode:DOWN
2026-04-07 17:25:52, MOVE, v:1, k:fup@loop_i, mode:PICK
2026-04-07 17:25:53, EXEC, v:1, k:fup@loop_i, mode:FULL, rate:0, size:5
2026-04-07 17:24:36, MOVE, v:1, k:fup@abs, mode:EDIT
2026-04-07 17:25:51, MOVE, v:1, k:fup@loop_i, mode:EDIT
2026-04-07 17:27:00, MOVE, v:1, k:fup@loop_i, mode:EDIT
2026-04-07 17:25:53, MOVE, v:1, k:fup@loop_i, mode:EDIT
2026-04-07 17:31:10, EXEC, v:1, k:fup@loop_i, mode:FULL, rate:100, size:13
2026-04-07 17:31:08, MOVE, v:1, k:fup@loop_i, mode:EDIT
2026-04-07 17:31:10, MOVE, v:1, k:fup@loop_i, mode:EDIT
2026-04-07 17:33:36, MOVE, v:1, k:fup@loop_i, mode:BACK
2026-04-07 17:34:01, SELF, v:1, k:fup@loop_i, self:1, rate:100, study:6
2026-04-07 17:34:08, MOVE, v:1, k:fup@loop_ii, mode:DOWN
2026-04-07 17:34:09, MOVE, v:1, k:fup@loop_ii, mode:PICK
2026-04-07 17:34:10, EXEC, v:1, k:fup@loop_ii, mode:FULL, rate:0, size:5
2026-04-07 17:36:28, EXEC, v:1, k:fup@loop_ii, mode:FULL, rate:0, size:13
2026-04-07 17:36:40, EXEC, v:1, k:fup@loop_ii, mode:FULL, rate:0, size:13
2026-04-07 17:37:00, EXEC, v:1, k:fup@loop_ii, mode:FULL, size:13, fail:COMP
2026-04-07 17:34:08, MOVE, v:1, k:fup@loop_ii, mode:EDIT
2026-04-07 17:36:59, MOVE, v:1, k:fup@loop_ii, mode:EDIT
2026-04-07 17:36:40, MOVE, v:1, k:fup@loop_ii, mode:EDIT
2026-04-07 17:37:41, EXEC, v:1, k:fup@loop_ii, mode:FULL, rate:0, size:13
2026-04-07 17:38:40, EXEC, v:1, k:fup@loop_ii, mode:FULL, size:13, fail:COMP
2026-04-07 17:38:57, EXEC, v:1, k:fup@loop_ii, mode:FULL, rate:0, size:13
2026-04-07 17:40:45, EXEC, v:1, k:fup@loop_ii, mode:FULL, rate:0, size:12
2026-04-07 17:41:38, EXEC, v:1, k:fup@loop_ii, mode:FULL, size:13, fail:COMP
2026-04-07 17:42:03, MOVE, v:1, k:fup@loop_ii, mode:EDIT
2026-04-07 17:40:45, MOVE, v:1, k:fup@loop_ii, mode:EDIT
2026-04-07 17:44:09, EXEC, v:1, k:fup@loop_ii, mode:FULL, rate:0, size:12
2026-04-07 17:44:25, EXEC, v:1, k:fup@loop_ii, mode:FULL, rate:0, size:12
2026-04-07 17:44:42, EXEC, v:1, k:fup@loop_ii, mode:FULL, rate:0, size:12
2026-04-07 17:45:18, EXEC, v:1, k:fup@loop_ii, mode:FULL, rate:0, size:16
2026-04-07 17:45:28, EXEC, v:1, k:fup@loop_ii, mode:FULL, rate:0, size:16
2026-04-07 17:45:36, EXEC, v:1, k:fup@loop_ii, mode:FULL, rate:100, size:16
2026-04-07 17:46:15, MOVE, v:1, k:fup@loop_ii, mode:BACK
2026-04-07 17:46:44, SELF, v:1, k:fup@loop_ii, self:1, rate:100, study:10, friend:Sena
2026-04-07 17:46:48, MOVE, v:1, k:fup@loop_iii, mode:DOWN
2026-04-07 17:46:48, MOVE, v:1, k:fup@loop_iii, mode:PICK
2026-04-07 17:46:50, EXEC, v:1, k:fup@loop_iii, mode:FULL, rate:0, size:5
2026-04-07 17:45:35, MOVE, v:1, k:fup@loop_ii, mode:EDIT
2026-04-07 17:45:35, MOVE, v:1, k:fup@loop_ii, mode:EDIT
2026-04-07 17:46:48, MOVE, v:1, k:fup@loop_iii, mode:EDIT
2026-04-07 17:46:50, MOVE, v:1, k:fup@loop_iii, mode:EDIT
2026-04-07 17:47:50, EXEC, v:1, k:fup@loop_iii, mode:FULL, rate:0, size:16
2026-04-07 17:48:00, EXEC, v:1, k:fup@loop_iii, mode:FULL, rate:0, size:16
2026-04-07 17:48:28, EXEC, v:1, k:fup@loop_iii, mode:FULL, rate:0, size:15
2026-04-07 17:49:36, EXEC, v:1, k:fup@loop_iii, mode:FULL, rate:0, size:15
2026-04-07 17:50:47, EXEC, v:1, k:fup@loop_iii, mode:FULL, rate:0, size:15
2026-04-07 17:51:25, EXEC, v:1, k:fup@loop_iii, mode:FULL, rate:0, size:15
2026-04-07 17:51:24, MOVE, v:1, k:fup@loop_iii, mode:EDIT
2026-04-07 17:51:25, MOVE, v:1, k:fup@loop_iii, mode:EDIT
2026-04-07 17:53:41, EXEC, v:1, k:fup@loop_iii, mode:FULL, rate:0, size:15
2026-04-07 17:54:14, EXEC, v:1, k:fup@loop_iii, mode:FULL, rate:0, size:15
2026-04-07 17:54:13, MOVE, v:1, k:fup@loop_iii, mode:EDIT
2026-04-07 17:54:14, MOVE, v:1, k:fup@loop_iii, mode:EDIT
2026-04-07 18:11:48, EXEC, v:1, k:fup@loop_iii, mode:FULL, rate:0, size:15
2026-04-07 18:11:56, MOVE, v:1, k:fup@loop_iii, mode:EDIT
2026-04-07 18:11:48, MOVE, v:1, k:fup@loop_iii, mode:EDIT
